<?xml version="1.0" encoding="UTF-8"?>
<testng-results ignored="3" total="4" passed="1" failed="0" skipped="0">
  <reporter-output>
  </reporter-output>
  <suite started-at="2019-10-29T16:18:44Z" name="All Test Suite" finished-at="2019-10-29T16:19:10Z" duration-ms="26222">
    <groups>
      <group name="sanity">
        <method signature="TestSuit.userShouldAbleToSelectTopBarSuccessfully()[pri:0, instance:test.TestSuit@3ffcd140]" name="userShouldAbleToSelectTopBarSuccessfully" class="test.TestSuit"/>
      </group> <!-- sanity -->
    </groups>
    <test started-at="2019-10-29T16:18:44Z" name="C:/Users/User/Desktop/startbucks-pagefactory/src/test/TestSuit.java" finished-at="2019-10-29T16:19:10Z" duration-ms="26222">
      <class name="test.TestSuit">
        <test-method is-config="true" signature="setUp()[pri:0, instance:test.TestSuit@3ffcd140]" started-at="2019-10-29T16:18:44Z" name="setUp" finished-at="2019-10-29T16:18:59Z" duration-ms="15397" status="PASS">
          <reporter-output>
          </reporter-output>
        </test-method> <!-- setUp -->
        <test-method signature="userShouldAbleToSelectTopBarSuccessfully()[pri:0, instance:test.TestSuit@3ffcd140]" started-at="2019-10-29T16:18:59Z" name="userShouldAbleToSelectTopBarSuccessfully" finished-at="2019-10-29T16:19:01Z" duration-ms="1654" status="PASS">
          <reporter-output>
          </reporter-output>
        </test-method> <!-- userShouldAbleToSelectTopBarSuccessfully -->
        <test-method is-config="true" signature="tearDown()[pri:0, instance:test.TestSuit@3ffcd140]" started-at="2019-10-29T16:19:01Z" name="tearDown" finished-at="2019-10-29T16:19:10Z" duration-ms="9126" status="PASS">
          <reporter-output>
          </reporter-output>
        </test-method> <!-- tearDown -->
      </class> <!-- test.TestSuit -->
    </test> <!-- C:/Users/User/Desktop/startbucks-pagefactory/src/test/TestSuit.java -->
  </suite> <!-- All Test Suite -->
</testng-results>
