<?xml version="1.0" encoding="UTF-8"?>
<!-- Generated by org.testng.reporters.JUnitXMLReporter -->
<testsuite ignored="4" hostname="DESKTOP-S34INP9" failures="0" tests="0" time="0.023" errors="0" timestamp="29 Oct 2019 15:50:10 GMT">
  <testcase classname="test.TestSuit" name="userShouldAbleToRegisterSuccessfully" time="0.0">
    <ignored/>
  </testcase> <!-- userShouldAbleToRegisterSuccessfully -->
  <testcase classname="test.TestSuit" name="userShouldAbleToGetMobilePayOptionSuccessfully" time="0.0">
    <ignored/>
  </testcase> <!-- userShouldAbleToGetMobilePayOptionSuccessfully -->
  <testcase classname="test.TestSuit" name="userShouldAbleToLoginSuccessfully" time="0.0">
    <ignored/>
  </testcase> <!-- userShouldAbleToLoginSuccessfully -->
  <testcase classname="test.TestSuit" name="userShouldAbleToSelectTopBarSuccessfully" time="0.0">
    <ignored/>
  </testcase> <!-- userShouldAbleToSelectTopBarSuccessfully -->
</testsuite>
